Arguments: 
  /usr/local/Cellar/node/15.14.0/bin/node /usr/local/Cellar/yarn/1.22.10/libexec/bin/yarn.js global ls

PATH: 
  /usr/local/opt/coreutils/libexec/gnubin:/Users/ian/.dotfiles/bin:/usr/local/opt/python/libexec/bin:/usr/local/bin:/usr/local/sbin:/Users/ian/.yarn/bin:/Users/ian/.config/yarn/global/node_modules/.bin:/usr/bin:/usr/sbin:/bin:/sbin:/opt/X11/bin:/usr/local/opt/mysql@5.7/bin:/Users/ian/opt/miniconda3/bin

Yarn version: 
  1.22.10

Node version: 
  15.14.0

Platform: 
  darwin x64

Trace: 
  Error: https://registry.yarnpkg.com/@faire%2fcli: Not found
      at Request.params.callback [as _callback] (/usr/local/Cellar/yarn/1.22.10/libexec/lib/cli.js:66988:18)
      at Request.self.callback (/usr/local/Cellar/yarn/1.22.10/libexec/lib/cli.js:140749:22)
      at Request.emit (node:events:369:20)
      at Request.<anonymous> (/usr/local/Cellar/yarn/1.22.10/libexec/lib/cli.js:141721:10)
      at Request.emit (node:events:369:20)
      at IncomingMessage.<anonymous> (/usr/local/Cellar/yarn/1.22.10/libexec/lib/cli.js:141643:12)
      at Object.onceWrapper (node:events:475:28)
      at IncomingMessage.emit (node:events:381:22)
      at endReadableNT (node:internal/streams/readable:1307:12)
      at processTicksAndRejections (node:internal/process/task_queues:81:21)

npm manifest: 
  {
    "dependencies": {
      "@faire/cli": "^2020.908.180445",
      "depcheck": "^1.3.1",
      "jscodeshift": "^0.7.0",
      "neovim": "^3.5.2",
      "onchange": "^6.1.0",
      "react-js-to-ts": "^1.4.0",
      "yarn": ">=0.27.5"
    }
  }

yarn manifest: 
  No manifest

Lockfile: 
  No lockfile
